Initial State:
------------------------------

Step 1:
  从节点 (From Node): 30
  当前电池电量 (Battery): 54.47837829589844
  剩余时间 (Remaining Time): 1.4932463073730469
  Done: False
------------------------------

Step 2:
  从节点 (From Node): 20
  当前电池电量 (Battery): 51.727882385253906
  剩余时间 (Remaining Time): 0.9507420349121094
  Done: True
Episode finished! Resetting environment.
Initial State:----------
------------------------------

Step 1:
  从节点 (From Node): 24
  当前电池电量 (Battery): 31.59763526916504
  剩余时间 (Remaining Time): 1.1695079803466797
  Done: True
Episode finished! Resetting environment.
Initial State:----------
------------------------------

Step 1:
  从节点 (From Node): 26
  当前电池电量 (Battery): 31.990907669067383
  剩余时间 (Remaining Time): 1.4927639770507812
  Done: True
Episode finished! Resetting environment.
Initial State:----------
------------------------------

Step 1:
  从节点 (From Node): 31
  当前电池电量 (Battery): 71.5439224243164
  剩余时间 (Remaining Time): 1.3751304626464844
  Done: False
------------------------------

Step 2:
  从节点 (From Node): 40
  当前电池电量 (Battery): 69.04400634765625
  剩余时间 (Remaining Time): 1.012298355102539
  Done: True
Episode finished! Resetting environment.
Initial State:----------
------------------------------

Step 1:
  从节点 (From Node): 31
  当前电池电量 (Battery): 71.5439224243164
  剩余时间 (Remaining Time): 1.3751304626464844
  Done: False
------------------------------

Step 2:
  从节点 (From Node): 40
  当前电池电量 (Battery): 69.04400634765625
  剩余时间 (Remaining Time): 1.012298355102539
  Done: True
Episode finished! Resetting environment.
Initial State:----------
------------------------------

Step 1:
  从节点 (From Node): 43
  当前电池电量 (Battery): 46.99140548706055
  剩余时间 (Remaining Time): 1.4675083923339844
  Done: False
------------------------------

Step 2:
  从节点 (From Node): 1
  当前电池电量 (Battery): 62.57285690307617
  剩余时间 (Remaining Time): 1.305066375732422
  Done: True
Episode finished! Resetting environment.
Initial State:----------
------------------------------

Step 1:
  从节点 (From Node): 26
  当前电池电量 (Battery): 31.990907669067383
  剩余时间 (Remaining Time): 1.4927639770507812
  Done: True
Episode finished! Resetting environment.
Initial State:----------
------------------------------

Step 1:
  从节点 (From Node): 31
  当前电池电量 (Battery): 71.5439224243164
  剩余时间 (Remaining Time): 1.3751304626464844
  Done: False
------------------------------

Step 2:
  从节点 (From Node): 40
  当前电池电量 (Battery): 69.04400634765625
  剩余时间 (Remaining Time): 1.012298355102539
  Done: True
Episode finished! Resetting environment.
Initial State:----------
------------------------------

Step 1:
  从节点 (From Node): 40
  当前电池电量 (Battery): 59.99635314941406
  剩余时间 (Remaining Time): 1.365847625732422
  Done: True
Episode finished! Resetting environment.
Initial State:----------
------------------------------

Step 1:
  从节点 (From Node): 40
  当前电池电量 (Battery): 59.99635314941406
  剩余时间 (Remaining Time): 1.365847625732422
  Done: True
Episode finished! Resetting environment.
Initial State:----------
------------------------------

Step 1:
  从节点 (From Node): 17
  当前电池电量 (Battery): 38.91584014892578
  剩余时间 (Remaining Time): 1.54775146484375
  Done: True
Episode finished! Resetting environment.
Initial State:----------
------------------------------

Step 1:
  从节点 (From Node): 40
  当前电池电量 (Battery): 59.99635314941406
  剩余时间 (Remaining Time): 1.365847625732422
  Done: True
Episode finished! Resetting environment.
Initial State:----------
------------------------------

Step 1:
  从节点 (From Node): 47
  当前电池电量 (Battery): 36.477352142333984
  剩余时间 (Remaining Time): 0.9242189788818359
  Done: True
Episode finished! Resetting environment.
Initial State:----------
------------------------------

Step 1:
  从节点 (From Node): 17
  当前电池电量 (Battery): 38.91584014892578
  剩余时间 (Remaining Time): 1.54775146484375
  Done: True
Episode finished! Resetting environment.
Initial State:----------
------------------------------

Step 1:
  从节点 (From Node): 26
  当前电池电量 (Battery): 31.990907669067383
  剩余时间 (Remaining Time): 1.4927639770507812
  Done: True
Episode finished! Resetting environment.
Initial State:----------
------------------------------

Step 1:
  从节点 (From Node): 17
  当前电池电量 (Battery): 38.91584014892578
  剩余时间 (Remaining Time): 1.54775146484375
  Done: True
Episode finished! Resetting environment.
Initial State:----------
------------------------------

Step 1:
  从节点 (From Node): 47
  当前电池电量 (Battery): 36.477352142333984
  剩余时间 (Remaining Time): 0.9242189788818359
  Done: True
Episode finished! Resetting environment.
Initial State:----------
------------------------------

Step 1:
  从节点 (From Node): 30
  当前电池电量 (Battery): 54.47837829589844
  剩余时间 (Remaining Time): 1.4932463073730469
  Done: False
------------------------------

Step 2:
  从节点 (From Node): 20
  当前电池电量 (Battery): 51.727882385253906
  剩余时间 (Remaining Time): 0.9507420349121094
  Done: True
Episode finished! Resetting environment.
Initial State:----------
------------------------------

Step 1:
  从节点 (From Node): 30
  当前电池电量 (Battery): 54.47837829589844
  剩余时间 (Remaining Time): 1.4932463073730469
  Done: False
------------------------------

Step 2:
  从节点 (From Node): 20
  当前电池电量 (Battery): 51.727882385253906
  剩余时间 (Remaining Time): 0.9507420349121094
  Done: True
Episode finished! Resetting environment.
Initial State:----------
------------------------------

Step 1:
  从节点 (From Node): 40
  当前电池电量 (Battery): 59.99635314941406
  剩余时间 (Remaining Time): 1.365847625732422
  Done: True
Episode finished! Resetting environment.
Initial State:----------
------------------------------

Step 1:
  从节点 (From Node): 31
  当前电池电量 (Battery): 71.5439224243164
  剩余时间 (Remaining Time): 1.3751304626464844
  Done: False
------------------------------

Step 2:
  从节点 (From Node): 40
  当前电池电量 (Battery): 69.04400634765625
  剩余时间 (Remaining Time): 1.012298355102539
  Done: True
Episode finished! Resetting environment.
Initial State:----------
------------------------------

Step 1:
  从节点 (From Node): 17
  当前电池电量 (Battery): 38.91584014892578
  剩余时间 (Remaining Time): 1.54775146484375
  Done: True
Episode finished! Resetting environment.
Initial State:----------
------------------------------

Step 1:
  从节点 (From Node): 26
  当前电池电量 (Battery): 31.990907669067383
  剩余时间 (Remaining Time): 1.4927639770507812
  Done: True
Episode finished! Resetting environment.
Initial State:----------
------------------------------

Step 1:
  从节点 (From Node): 26
  当前电池电量 (Battery): 31.990907669067383
  剩余时间 (Remaining Time): 1.4927639770507812
  Done: True
Episode finished! Resetting environment.
Initial State:----------
------------------------------

Step 1:
  从节点 (From Node): 30
  当前电池电量 (Battery): 54.47837829589844
  剩余时间 (Remaining Time): 1.4932463073730469
  Done: False
------------------------------

Step 2:
  从节点 (From Node): 20
  当前电池电量 (Battery): 51.727882385253906
  剩余时间 (Remaining Time): 0.9507420349121094
  Done: True
Episode finished! Resetting environment.
Initial State:----------
------------------------------

Step 1:
  从节点 (From Node): 30
  当前电池电量 (Battery): 54.47837829589844
  剩余时间 (Remaining Time): 1.4932463073730469
  Done: False
------------------------------

Step 2:
  从节点 (From Node): 20
  当前电池电量 (Battery): 51.727882385253906
  剩余时间 (Remaining Time): 0.9507420349121094
  Done: True
Episode finished! Resetting environment.
Initial State:----------
------------------------------

Step 1:
  从节点 (From Node): 47
  当前电池电量 (Battery): 36.477352142333984
  剩余时间 (Remaining Time): 0.9242189788818359
  Done: True
Episode finished! Resetting environment.
Initial State:----------
------------------------------

Step 1:
  从节点 (From Node): 43
  当前电池电量 (Battery): 46.99140548706055
  剩余时间 (Remaining Time): 1.4675083923339844
  Done: False
------------------------------

Step 2:
  从节点 (From Node): 1
  当前电池电量 (Battery): 62.57285690307617
  剩余时间 (Remaining Time): 1.305066375732422
  Done: True
Episode finished! Resetting environment.
Initial State:----------
------------------------------

Step 1:
  从节点 (From Node): 8
  当前电池电量 (Battery): 38.53883361816406
  剩余时间 (Remaining Time): 1.258101806640625
  Done: True
Episode finished! Resetting environment.
Initial State:----------
------------------------------

Step 1:
  从节点 (From Node): 26
  当前电池电量 (Battery): 31.990907669067383
  剩余时间 (Remaining Time): 1.4927639770507812
  Done: True
Episode finished! Resetting environment.
Initial State:----------
------------------------------

Step 1:
  从节点 (From Node): 28
  当前电池电量 (Battery): 62.017921447753906
  剩余时间 (Remaining Time): 1.7737301635742186
  Done: False
------------------------------

Step 2:
  从节点 (From Node): 21
  当前电池电量 (Battery): 57.78938293457031
  剩余时间 (Remaining Time): 1.1310952758789063
  Done: True
Episode finished! Resetting environment.
Initial State:----------
------------------------------

Step 1:
  从节点 (From Node): 40
  当前电池电量 (Battery): 59.99635314941406
  剩余时间 (Remaining Time): 1.365847625732422
  Done: True
Episode finished! Resetting environment.
Initial State:----------
------------------------------

Step 1:
  从节点 (From Node): 28
  当前电池电量 (Battery): 62.017921447753906
  剩余时间 (Remaining Time): 1.7737301635742186
  Done: False
------------------------------

Step 2:
  从节点 (From Node): 21
  当前电池电量 (Battery): 57.78938293457031
  剩余时间 (Remaining Time): 1.1310952758789063
  Done: True
Episode finished! Resetting environment.
Initial State:----------
------------------------------

Step 1:
  从节点 (From Node): 28
  当前电池电量 (Battery): 62.017921447753906
  剩余时间 (Remaining Time): 1.7737301635742186
  Done: False
------------------------------

Step 2:
  从节点 (From Node): 21
  当前电池电量 (Battery): 57.78938293457031
  剩余时间 (Remaining Time): 1.1310952758789063
  Done: True
Episode finished! Resetting environment.
Initial State:----------
------------------------------

Step 1:
  从节点 (From Node): 24
  当前电池电量 (Battery): 31.59763526916504
  剩余时间 (Remaining Time): 1.1695079803466797
  Done: True
Episode finished! Resetting environment.
Initial State:----------
------------------------------

Step 1:
  从节点 (From Node): 17
  当前电池电量 (Battery): 38.91584014892578
  剩余时间 (Remaining Time): 1.54775146484375
  Done: True
Episode finished! Resetting environment.
Initial State:----------
------------------------------

Step 1:
  从节点 (From Node): 28
  当前电池电量 (Battery): 62.017921447753906
  剩余时间 (Remaining Time): 1.7737301635742186
  Done: False
------------------------------

Step 2:
  从节点 (From Node): 21
  当前电池电量 (Battery): 57.78938293457031
  剩余时间 (Remaining Time): 1.1310952758789063
  Done: True
Episode finished! Resetting environment.
Initial State:----------
------------------------------

Step 1:
  从节点 (From Node): 30
  当前电池电量 (Battery): 54.47837829589844
  剩余时间 (Remaining Time): 1.4932463073730469
  Done: False
------------------------------

Step 2:
  从节点 (From Node): 20
  当前电池电量 (Battery): 51.727882385253906
  剩余时间 (Remaining Time): 0.9507420349121094
  Done: True
Episode finished! Resetting environment.
Initial State:----------
------------------------------

Step 1:
  从节点 (From Node): 43
  当前电池电量 (Battery): 46.99140548706055
  剩余时间 (Remaining Time): 1.4675083923339844
  Done: False
------------------------------

Step 2:
  从节点 (From Node): 1
  当前电池电量 (Battery): 62.57285690307617
  剩余时间 (Remaining Time): 1.305066375732422
  Done: True
Episode finished! Resetting environment.
Initial State:----------
------------------------------

Step 1:
  从节点 (From Node): 8
  当前电池电量 (Battery): 38.53883361816406
  剩余时间 (Remaining Time): 1.258101806640625
  Done: True
Episode finished! Resetting environment.
Initial State:----------
------------------------------

Step 1:
  从节点 (From Node): 30
  当前电池电量 (Battery): 54.47837829589844
  剩余时间 (Remaining Time): 1.4932463073730469
  Done: False
------------------------------

Step 2:
  从节点 (From Node): 20
  当前电池电量 (Battery): 51.727882385253906
  剩余时间 (Remaining Time): 0.9507420349121094
  Done: True
Episode finished! Resetting environment.
Initial State:----------
------------------------------

Step 1:
  从节点 (From Node): 28
  当前电池电量 (Battery): 62.017921447753906
  剩余时间 (Remaining Time): 1.7737301635742186
  Done: False
------------------------------

Step 2:
  从节点 (From Node): 21
  当前电池电量 (Battery): 57.78938293457031
  剩余时间 (Remaining Time): 1.1310952758789063
  Done: True
Episode finished! Resetting environment.
Initial State:----------
------------------------------

Step 1:
  从节点 (From Node): 26
  当前电池电量 (Battery): 31.990907669067383
  剩余时间 (Remaining Time): 1.4927639770507812
  Done: True
Episode finished! Resetting environment.
Initial State:----------
------------------------------

Step 1:
  从节点 (From Node): 28
  当前电池电量 (Battery): 62.017921447753906
  剩余时间 (Remaining Time): 1.7737301635742186
  Done: False
------------------------------

Step 2:
  从节点 (From Node): 21
  当前电池电量 (Battery): 57.78938293457031
  剩余时间 (Remaining Time): 1.1310952758789063
  Done: True
Episode finished! Resetting environment.
Initial State:----------
------------------------------

Step 1:
  从节点 (From Node): 24
  当前电池电量 (Battery): 31.59763526916504
  剩余时间 (Remaining Time): 1.1695079803466797
  Done: True
Episode finished! Resetting environment.
Initial State:----------
------------------------------

Step 1:
  从节点 (From Node): 40
  当前电池电量 (Battery): 59.99635314941406
  剩余时间 (Remaining Time): 1.365847625732422
  Done: True
Episode finished! Resetting environment.
Initial State:----------
------------------------------

Step 1:
  从节点 (From Node): 40
  当前电池电量 (Battery): 59.99635314941406
  剩余时间 (Remaining Time): 1.365847625732422
  Done: True
Episode finished! Resetting environment.
Initial State:----------
------------------------------

Step 1:
  从节点 (From Node): 26
  当前电池电量 (Battery): 31.990907669067383
  剩余时间 (Remaining Time): 1.4927639770507812
  Done: True
Episode finished! Resetting environment.
Initial State:----------
------------------------------

Step 1:
  从节点 (From Node): 28
  当前电池电量 (Battery): 62.017921447753906
  剩余时间 (Remaining Time): 1.7737301635742186
  Done: False
------------------------------

Step 2:
  从节点 (From Node): 21
  当前电池电量 (Battery): 57.78938293457031
  剩余时间 (Remaining Time): 1.1310952758789063
  Done: True
Episode finished! Resetting environment.
Initial State:----------
------------------------------

Step 1:
  从节点 (From Node): 30
  当前电池电量 (Battery): 54.47837829589844
  剩余时间 (Remaining Time): 1.4932463073730469
  Done: False
------------------------------

Step 2:
  从节点 (From Node): 20
  当前电池电量 (Battery): 51.727882385253906
  剩余时间 (Remaining Time): 0.9507420349121094
  Done: True
Episode finished! Resetting environment.
Initial State:----------
------------------------------

Step 1:
  从节点 (From Node): 30
  当前电池电量 (Battery): 54.47837829589844
  剩余时间 (Remaining Time): 1.4932463073730469
  Done: False
------------------------------

Step 2:
  从节点 (From Node): 20
  当前电池电量 (Battery): 51.727882385253906
  剩余时间 (Remaining Time): 0.9507420349121094
  Done: True
Episode finished! Resetting environment.
Initial State:----------
------------------------------

Step 1:
  从节点 (From Node): 24
  当前电池电量 (Battery): 31.59763526916504
  剩余时间 (Remaining Time): 1.1695079803466797
  Done: True
Episode finished! Resetting environment.
Initial State:----------
------------------------------

Step 1:
  从节点 (From Node): 24
  当前电池电量 (Battery): 31.59763526916504
  剩余时间 (Remaining Time): 1.1695079803466797
  Done: True
Episode finished! Resetting environment.
Initial State:----------
------------------------------

Step 1:
  从节点 (From Node): 31
  当前电池电量 (Battery): 71.5439224243164
  剩余时间 (Remaining Time): 1.3751304626464844
  Done: False
------------------------------

Step 2:
  从节点 (From Node): 40
  当前电池电量 (Battery): 69.04400634765625
  剩余时间 (Remaining Time): 1.012298355102539
  Done: True
Episode finished! Resetting environment.
Initial State:----------
------------------------------

Step 1:
  从节点 (From Node): 31
  当前电池电量 (Battery): 71.5439224243164
  剩余时间 (Remaining Time): 1.3751304626464844
  Done: False
------------------------------

Step 2:
  从节点 (From Node): 40
  当前电池电量 (Battery): 69.04400634765625
  剩余时间 (Remaining Time): 1.012298355102539
  Done: True
Episode finished! Resetting environment.
Initial State:----------
------------------------------

Step 1:
  从节点 (From Node): 28
  当前电池电量 (Battery): 62.017921447753906
  剩余时间 (Remaining Time): 1.7737301635742186
  Done: False
------------------------------

Step 2:
  从节点 (From Node): 21
  当前电池电量 (Battery): 57.78938293457031
  剩余时间 (Remaining Time): 1.1310952758789063
  Done: True
Episode finished! Resetting environment.
Initial State:----------
------------------------------

Step 1:
  从节点 (From Node): 17
  当前电池电量 (Battery): 38.91584014892578
  剩余时间 (Remaining Time): 1.54775146484375
  Done: True
Episode finished! Resetting environment.
Initial State:----------
------------------------------

Step 1:
  从节点 (From Node): 43
  当前电池电量 (Battery): 46.99140548706055
  剩余时间 (Remaining Time): 1.4675083923339844
  Done: False
------------------------------

Step 2:
  从节点 (From Node): 1
  当前电池电量 (Battery): 62.57285690307617
  剩余时间 (Remaining Time): 1.305066375732422
  Done: True
Episode finished! Resetting environment.
Initial State:----------
------------------------------

Step 1:
  从节点 (From Node): 17
  当前电池电量 (Battery): 38.91584014892578
  剩余时间 (Remaining Time): 1.54775146484375
  Done: True
Episode finished! Resetting environment.
Initial State:----------
------------------------------

Step 1:
  从节点 (From Node): 28
  当前电池电量 (Battery): 62.017921447753906
  剩余时间 (Remaining Time): 1.7737301635742186
  Done: False
------------------------------

Step 2:
  从节点 (From Node): 21
  当前电池电量 (Battery): 57.78938293457031
  剩余时间 (Remaining Time): 1.1310952758789063
  Done: True
Episode finished! Resetting environment.
Initial State:----------
------------------------------

Step 1:
  从节点 (From Node): 28
  当前电池电量 (Battery): 62.017921447753906
  剩余时间 (Remaining Time): 1.7737301635742186
  Done: False
------------------------------

Step 2:
  从节点 (From Node): 21
  当前电池电量 (Battery): 57.78938293457031
  剩余时间 (Remaining Time): 1.1310952758789063
  Done: True
Episode finished! Resetting environment.
Initial State:----------
------------------------------

Step 1:
  从节点 (From Node): 40
  当前电池电量 (Battery): 59.99635314941406
  剩余时间 (Remaining Time): 1.365847625732422
  Done: True
Episode finished! Resetting environment.
Initial State:----------
------------------------------

Step 1:
  从节点 (From Node): 24
  当前电池电量 (Battery): 31.59763526916504
  剩余时间 (Remaining Time): 1.1695079803466797
  Done: True
Episode finished! Resetting environment.
Initial State:----------
------------------------------

Step 1:
  从节点 (From Node): 40
  当前电池电量 (Battery): 59.99635314941406
  剩余时间 (Remaining Time): 1.365847625732422
  Done: True
Episode finished! Resetting environment.
Initial State:----------
------------------------------

Step 1:
  从节点 (From Node): 47
  当前电池电量 (Battery): 36.477352142333984
  剩余时间 (Remaining Time): 0.9242189788818359
  Done: True
Episode finished! Resetting environment.
Initial State:----------
------------------------------

Step 1:
  从节点 (From Node): 8
  当前电池电量 (Battery): 38.53883361816406
  剩余时间 (Remaining Time): 1.258101806640625
  Done: True
Episode finished! Resetting environment.
Initial State:----------
------------------------------

Step 1:
  从节点 (From Node): 47
  当前电池电量 (Battery): 36.477352142333984
  剩余时间 (Remaining Time): 0.9242189788818359
  Done: True
Episode finished! Resetting environment.
Initial State:----------
------------------------------

Step 1:
  从节点 (From Node): 31
  当前电池电量 (Battery): 71.5439224243164
  剩余时间 (Remaining Time): 1.3751304626464844
  Done: False
------------------------------

Step 2:
  从节点 (From Node): 40
  当前电池电量 (Battery): 69.04400634765625
  剩余时间 (Remaining Time): 1.012298355102539
  Done: True
Episode finished! Resetting environment.
Initial State:----------
------------------------------

Step 1:
  从节点 (From Node): 47
  当前电池电量 (Battery): 36.477352142333984
  剩余时间 (Remaining Time): 0.9242189788818359
  Done: True
Episode finished! Resetting environment.
Initial State:----------
------------------------------

Step 1:
  从节点 (From Node): 31
  当前电池电量 (Battery): 71.5439224243164
  剩余时间 (Remaining Time): 1.3751304626464844
  Done: False
